<?xml version="1.0" encoding="UTF-8"?>
<testsuite xmlns:xsi="http://www.w3.org/2001/XMLSchema-instance" xsi:noNamespaceSchemaLocation="https://maven.apache.org/surefire/maven-surefire-plugin/xsd/surefire-test-report.xsd" name="TestSuite" time="44.818" tests="7" errors="0" skipped="5" failures="2">
  <properties>
[...]
</properties>
  <testcase name="loginTrue" classname="com.maoyan.cases.LoginTest" time="21.6">
    <failure message="&#10;### Error querying database.  Cause: com.mysql.cj.jdbc.exceptions.CommunicationsException: Communications link failure&#10;&#10;The last packet sent successfully to the server was 0 milliseconds ago. The driver has not received any packets from the server.&#10;### The error may exist in mapper/MySQLMapper.xml&#10;### The error may involve com.maoyan.model.loginCase&#10;### The error occurred while executing a query&#10;### Cause: com.mysql.cj.jdbc.exceptions.CommunicationsException: Communications link failure&#10;&#10;The last packet sent successfully to the server was 0 milliseconds ago. The driver has not received any packets from the server." type="org.apache.ibatis.exceptions.PersistenceException">org.apache.ibatis.exceptions.PersistenceException: 

### Error querying database.  Cause: com.mysql.cj.jdbc.exceptions.CommunicationsException: Communications link failure

The last packet sent successfully to the server was 0 milliseconds ago. The driver has not received any packets from the server.
### The error may exist in mapper/MySQLMapper.xml
### The error may involve com.maoyan.model.loginCase
### The error occurred while executing a query
### Cause: com.mysql.cj.jdbc.exceptions.CommunicationsException: Communications link failure

The last packet sent successfully to the server was 0 milliseconds ago. The driver has not received any packets from the server.
	at com.maoyan.cases.LoginTest.loginTrue(LoginTest.java:40)
Caused by: com.mysql.cj.jdbc.exceptions.CommunicationsException: 
Communications link failure

The last packet sent successfully to the server was 0 milliseconds ago. The driver has not received any packets from the server.
	at com.maoyan.cases.LoginTest.loginTrue(LoginTest.java:40)
Caused by: com.mysql.cj.exceptions.CJCommunicationsException: 
Communications link failure

The last packet sent successfully to the server was 0 milliseconds ago. The driver has not received any packets from the server.
	at com.maoyan.cases.LoginTest.loginTrue(LoginTest.java:40)
Caused by: java.net.ConnectException: Connection timed out: connect
	at com.maoyan.cases.LoginTest.loginTrue(LoginTest.java:40)
</failure>
    <system-out><![CDATA[[TestNGContentHandler] [WARN] It is strongly recommended to add "<!DOCTYPE suite SYSTEM "http://testng.org/testng-1.0.dtd" >" at the top of your file, otherwise TestNG may fail or not work as expected.
]]></system-out>
  </testcase>
  <testcase name="loginFalse" classname="com.maoyan.cases.LoginTest" time="21.106">
    <failure message="&#10;### Error querying database.  Cause: com.mysql.cj.jdbc.exceptions.CommunicationsException: Communications link failure&#10;&#10;The last packet sent successfully to the server was 0 milliseconds ago. The driver has not received any packets from the server.&#10;### The error may exist in mapper/MySQLMapper.xml&#10;### The error may involve com.maoyan.model.loginCase&#10;### The error occurred while executing a query&#10;### Cause: com.mysql.cj.jdbc.exceptions.CommunicationsException: Communications link failure&#10;&#10;The last packet sent successfully to the server was 0 milliseconds ago. The driver has not received any packets from the server." type="org.apache.ibatis.exceptions.PersistenceException">org.apache.ibatis.exceptions.PersistenceException: 

### Error querying database.  Cause: com.mysql.cj.jdbc.exceptions.CommunicationsException: Communications link failure

The last packet sent successfully to the server was 0 milliseconds ago. The driver has not received any packets from the server.
### The error may exist in mapper/MySQLMapper.xml
### The error may involve com.maoyan.model.loginCase
### The error occurred while executing a query
### Cause: com.mysql.cj.jdbc.exceptions.CommunicationsException: Communications link failure

The last packet sent successfully to the server was 0 milliseconds ago. The driver has not received any packets from the server.
	at com.maoyan.cases.LoginTest.loginFalse(LoginTest.java:54)
Caused by: com.mysql.cj.jdbc.exceptions.CommunicationsException: 
Communications link failure

The last packet sent successfully to the server was 0 milliseconds ago. The driver has not received any packets from the server.
	at com.maoyan.cases.LoginTest.loginFalse(LoginTest.java:54)
Caused by: com.mysql.cj.exceptions.CJCommunicationsException: 
Communications link failure

The last packet sent successfully to the server was 0 milliseconds ago. The driver has not received any packets from the server.
	at com.maoyan.cases.LoginTest.loginFalse(LoginTest.java:54)
Caused by: java.net.ConnectException: Connection timed out: connect
	at com.maoyan.cases.LoginTest.loginFalse(LoginTest.java:54)
</failure>
  </testcase>
  <testcase name="addUser" classname="com.maoyan.cases.AddUserTest" time="0">
    <skipped message="Method AddUserTest.addUser()[pri:0, instance:com.maoyan.cases.AddUserTest@5d624da6] depends on not successfully finished methods in group &quot;loginTrue&quot;"/>
  </testcase>
  <testcase name="getUserInfo" classname="com.maoyan.cases.GetUserInfoTest" time="0">
    <skipped message="Method GetUserInfoTest.getUserInfo()[pri:0, instance:com.maoyan.cases.GetUserInfoTest@60addb54] depends on not successfully finished methods in group &quot;loginTrue&quot;"/>
  </testcase>
  <testcase name="updateUserInfo" classname="com.maoyan.cases.UpdateUserInfoTest" time="0">
    <skipped message="Method UpdateUserInfoTest.updateUserInfo()[pri:0, instance:com.maoyan.cases.UpdateUserInfoTest@3f2a3a5] depends on not successfully finished methods in group &quot;loginTrue&quot;"/>
  </testcase>
  <testcase name="deleteUser" classname="com.maoyan.cases.UpdateUserInfoTest" time="0">
    <skipped message="Method UpdateUserInfoTest.deleteUser()[pri:0, instance:com.maoyan.cases.UpdateUserInfoTest@3f2a3a5] depends on not successfully finished methods in group &quot;loginTrue&quot;"/>
  </testcase>
  <testcase name="getUserListInfo" classname="com.maoyan.cases.GetUserInfoListTest" time="0">
    <skipped message="Method GetUserInfoListTest.getUserListInfo()[pri:0, instance:com.maoyan.cases.GetUserInfoListTest@4cb2c100] depends on not successfully finished methods in group &quot;loginTrue&quot;"/>
  </testcase>
</testsuite>