-------------------------------------------------------------------------------
Test set: TestSuite
-------------------------------------------------------------------------------
Tests run: 7, Failures: 2, Errors: 0, Skipped: 5, Time elapsed: 44.818 s <<< FAILURE! - in TestSuite
loginTrue(com.maoyan.cases.LoginTest)  Time elapsed: 21.6 s  <<< FAILURE!
org.apache.ibatis.exceptions.PersistenceException: 

### Error querying database.  Cause: com.mysql.cj.jdbc.exceptions.CommunicationsException: Communications link failure

The last packet sent successfully to the server was 0 milliseconds ago. The driver has not received any packets from the server.
### The error may exist in mapper/MySQLMapper.xml
### The error may involve com.maoyan.model.loginCase
### The error occurred while executing a query
### Cause: com.mysql.cj.jdbc.exceptions.CommunicationsException: Communications link failure

The last packet sent successfully to the server was 0 milliseconds ago. The driver has not received any packets from the server.
	at com.maoyan.cases.LoginTest.loginTrue(LoginTest.java:40)
Caused by: com.mysql.cj.jdbc.exceptions.CommunicationsException: 
Communications link failure

The last packet sent successfully to the server was 0 milliseconds ago. The driver has not received any packets from the server.
	at com.maoyan.cases.LoginTest.loginTrue(LoginTest.java:40)
Caused by: com.mysql.cj.exceptions.CJCommunicationsException: 
Communications link failure

The last packet sent successfully to the server was 0 milliseconds ago. The driver has not received any packets from the server.
	at com.maoyan.cases.LoginTest.loginTrue(LoginTest.java:40)
Caused by: java.net.ConnectException: Connection timed out: connect
	at com.maoyan.cases.LoginTest.loginTrue(LoginTest.java:40)

loginFalse(com.maoyan.cases.LoginTest)  Time elapsed: 21.106 s  <<< FAILURE!
org.apache.ibatis.exceptions.PersistenceException: 

### Error querying database.  Cause: com.mysql.cj.jdbc.exceptions.CommunicationsException: Communications link failure

The last packet sent successfully to the server was 0 milliseconds ago. The driver has not received any packets from the server.
### The error may exist in mapper/MySQLMapper.xml
### The error may involve com.maoyan.model.loginCase
### The error occurred while executing a query
### Cause: com.mysql.cj.jdbc.exceptions.CommunicationsException: Communications link failure

The last packet sent successfully to the server was 0 milliseconds ago. The driver has not received any packets from the server.
	at com.maoyan.cases.LoginTest.loginFalse(LoginTest.java:54)
Caused by: com.mysql.cj.jdbc.exceptions.CommunicationsException: 
Communications link failure

The last packet sent successfully to the server was 0 milliseconds ago. The driver has not received any packets from the server.
	at com.maoyan.cases.LoginTest.loginFalse(LoginTest.java:54)
Caused by: com.mysql.cj.exceptions.CJCommunicationsException: 
Communications link failure

The last packet sent successfully to the server was 0 milliseconds ago. The driver has not received any packets from the server.
	at com.maoyan.cases.LoginTest.loginFalse(LoginTest.java:54)
Caused by: java.net.ConnectException: Connection timed out: connect
	at com.maoyan.cases.LoginTest.loginFalse(LoginTest.java:54)

